2019-04-28 14:43:05 [ main:0 ] - [ INFO ] [] 

============================================
2019-04-28 14:43:05 [ main:6 ] - [ ERROR ] [] [OffLineBookReader.getZhongxinBooks]read file error.conf/miguBook/douban20180806.txt. java.io.FileNotFoundException: conf\miguBook\douban20180806.txt (系统找不到指定的文件。)
	at java.io.FileInputStream.open0(Native Method)
	at java.io.FileInputStream.open(Unknown Source)
	at java.io.FileInputStream.<init>(Unknown Source)
	at com.cmread.util.FileUtil.getFileLines(FileUtil.java:27)
	at com.cmread.book.OffLineBookReader.getZhongxinBooks(OffLineBookReader.java:111)
	at com.cmread.publishBookComment.PublishBookComment.main(PublishBookComment.java:77)

2019-04-28 14:43:05 [ main:24 ] - [ ERROR ] [] MSG: [BookComment.findCommentBooks] java.lang.NullPointerException
	at java.util.ArrayList.addAll(Unknown Source)
	at com.cmread.publishBookComment.PublishBookComment.findCommentBooks(PublishBookComment.java:109)
	at com.cmread.publishBookComment.PublishBookComment.main(PublishBookComment.java:81)

2019-04-28 14:51:17 [ main:0 ] - [ INFO ] [] 

============================================
2019-04-28 14:51:17 [ main:19 ] - [ INFO ] [] MSG: 当前执行的SQL语句 SELECT book_id,comment_count,newest_comment_time FROM DMN.HOTBOOK_COMMENT_TIME_STAMP WHERE site_id='100268'
2019-04-28 14:51:38 [ main:21250 ] - [ ERROR ] [] 获取hive数据库连接失败！
2019-04-28 14:51:38 [ main:21251 ] - [ ERROR ] [] [CommentNeedInfoSearcher.getNewestCommentTimeStamp] SQL ERROR,TABLE:[100268],MSG: 08S01 ... Could not open connection to jdbc:hive2://10.211.139.55:10000/default: java.net.ConnectException: Connection timed out: connect
2019-04-28 14:51:38 [ pool-1-thread-1:21260 ] - [ INFO ] [] download and praser commentpage. document. sites: 豆瓣
2019-04-28 14:51:38 [ pool-1-thread-1:21261 ] - [ INFO ] [] MSG: [PageDownloader.downloadWithStr] begin download web page for the url https://book.douban.com/subject/20170512/reviews?sort=time&start=0 by GET.
2019-04-28 14:51:41 [ pool-1-thread-1:24420 ] - [ INFO ] [] 评论数目： 0, MSG: [BookCommentPage.parserSingleCommentPage] 
2019-04-28 14:51:41 [ pool-1-thread-1:24422 ] - [ ERROR ] [] /html/body/div[@id="wrapper"]/div[@id="content"]/div[@class="grid-16-8 clearfix"]/div[@class="article"]/div[contains(@class,"review-list")]/div[@typeof="v:Review"], MSG: [BookCommentPage.parserSingleCommentPage] itemsPath maybe wrong!
2019-04-28 14:51:41 [ pool-1-thread-1:24422 ] - [ ERROR ] [] url: https://book.douban.com/subject/20170512/reviews?sort=time&start=0. MSG: [BookCommentPage.parserCommentByHtml] parse no comments.
2019-04-28 14:51:41 [ pool-1-thread-1:24422 ] - [ INFO ] [] 豆瓣|20170512|399716625|commentsize :0
2019-04-28 14:51:41 [ pool-1-thread-1:24423 ] - [ INFO ] [] download and praser commentpage. document. sites: 豆瓣
2019-04-28 14:51:41 [ pool-1-thread-1:24423 ] - [ INFO ] [] MSG: [PageDownloader.downloadWithStr] begin download web page for the url https://book.douban.com/subject/20170512/reviews?sort=time&start=0 by GET.
2019-04-28 14:51:41 [ pool-1-thread-1:24423 ] - [ INFO ] [] wait for next dl. 3332ms
2019-04-28 14:51:50 [ pool-1-thread-1:33620 ] - [ INFO ] [] 评论数目： 0, MSG: [BookCommentPage.parserSingleCommentPage] 
2019-04-28 14:51:50 [ pool-1-thread-1:33622 ] - [ ERROR ] [] /html/body/div[@id="wrapper"]/div[@id="content"]/div[@class="grid-16-8 clearfix"]/div[@class="article"]/div[contains(@class,"review-list")]/div[@typeof="v:Review"], MSG: [BookCommentPage.parserSingleCommentPage] itemsPath maybe wrong!
2019-04-28 14:51:50 [ pool-1-thread-1:33622 ] - [ ERROR ] [] url: https://book.douban.com/subject/20170512/reviews?sort=time&start=0. MSG: [BookCommentPage.parserCommentByHtml] parse no comments.
2019-04-28 14:51:50 [ pool-1-thread-1:33622 ] - [ INFO ] [] 豆瓣|20170512|399716625|commentsize :0
2019-04-28 14:51:50 [ pool-1-thread-1:33624 ] - [ INFO ] [] download and praser commentpage. document. sites: 豆瓣
2019-04-28 14:51:50 [ pool-1-thread-1:33624 ] - [ INFO ] [] MSG: [PageDownloader.downloadWithStr] begin download web page for the url https://book.douban.com/subject/20170512/reviews?sort=time&start=0 by GET.
2019-04-28 14:51:50 [ pool-1-thread-1:33624 ] - [ INFO ] [] wait for next dl. 6456ms
2019-04-28 14:52:02 [ pool-1-thread-1:44823 ] - [ INFO ] [] 评论数目： 0, MSG: [BookCommentPage.parserSingleCommentPage] 
2019-04-28 14:52:02 [ pool-1-thread-1:44825 ] - [ ERROR ] [] /html/body/div[@id="wrapper"]/div[@id="content"]/div[@class="grid-16-8 clearfix"]/div[@class="article"]/div[contains(@class,"review-list")]/div[@typeof="v:Review"], MSG: [BookCommentPage.parserSingleCommentPage] itemsPath maybe wrong!
2019-04-28 14:52:02 [ pool-1-thread-1:44825 ] - [ ERROR ] [] url: https://book.douban.com/subject/20170512/reviews?sort=time&start=0. MSG: [BookCommentPage.parserCommentByHtml] parse no comments.
2019-04-28 14:52:02 [ pool-1-thread-1:44825 ] - [ INFO ] [] 豆瓣|20170512|399716625|commentsize :0
2019-04-28 14:52:02 [ pool-1-thread-1:44826 ] - [ INFO ] [] download and praser commentpage. document. sites: 豆瓣
2019-04-28 14:52:02 [ pool-1-thread-1:44826 ] - [ INFO ] [] MSG: [PageDownloader.downloadWithStr] begin download web page for the url https://book.douban.com/subject/20170512/reviews?sort=time&start=0 by GET.
2019-04-28 14:52:02 [ pool-1-thread-1:44826 ] - [ INFO ] [] wait for next dl. 6415ms
2019-04-28 14:52:13 [ pool-1-thread-1:55813 ] - [ INFO ] [] 评论数目： 0, MSG: [BookCommentPage.parserSingleCommentPage] 
2019-04-28 14:52:13 [ pool-1-thread-1:55814 ] - [ ERROR ] [] /html/body/div[@id="wrapper"]/div[@id="content"]/div[@class="grid-16-8 clearfix"]/div[@class="article"]/div[contains(@class,"review-list")]/div[@typeof="v:Review"], MSG: [BookCommentPage.parserSingleCommentPage] itemsPath maybe wrong!
2019-04-28 14:52:13 [ pool-1-thread-1:55814 ] - [ ERROR ] [] url: https://book.douban.com/subject/20170512/reviews?sort=time&start=0. MSG: [BookCommentPage.parserCommentByHtml] parse no comments.
2019-04-28 14:52:13 [ pool-1-thread-1:55814 ] - [ INFO ] [] 豆瓣|20170512|399716625|commentsize :0
2019-04-28 14:52:13 [ pool-1-thread-1:55816 ] - [ INFO ] [] download and praser commentpage. document. sites: 豆瓣
2019-04-28 14:52:13 [ pool-1-thread-1:55816 ] - [ INFO ] [] MSG: [PageDownloader.downloadWithStr] begin download web page for the url https://book.douban.com/subject/20170512/reviews?sort=time&start=0 by GET.
2019-04-28 14:52:13 [ pool-1-thread-1:55816 ] - [ INFO ] [] wait for next dl. 6290ms
2019-04-28 14:52:19 [ pool-1-thread-1:62502 ] - [ INFO ] [] 评论数目： 0, MSG: [BookCommentPage.parserSingleCommentPage] 
2019-04-28 14:52:19 [ pool-1-thread-1:62503 ] - [ ERROR ] [] /html/body/div[@id="wrapper"]/div[@id="content"]/div[@class="grid-16-8 clearfix"]/div[@class="article"]/div[contains(@class,"review-list")]/div[@typeof="v:Review"], MSG: [BookCommentPage.parserSingleCommentPage] itemsPath maybe wrong!
2019-04-28 14:52:19 [ pool-1-thread-1:62503 ] - [ ERROR ] [] url: https://book.douban.com/subject/20170512/reviews?sort=time&start=0. MSG: [BookCommentPage.parserCommentByHtml] parse no comments.
2019-04-28 14:52:19 [ pool-1-thread-1:62503 ] - [ INFO ] [] 豆瓣|20170512|399716625|commentsize :0
2019-04-28 14:52:19 [ pool-1-thread-1:62504 ] - [ INFO ] [] download and praser commentpage. document. sites: 豆瓣
2019-04-28 14:52:19 [ pool-1-thread-1:62504 ] - [ INFO ] [] MSG: [PageDownloader.downloadWithStr] begin download web page for the url https://book.douban.com/subject/20170512/reviews?sort=time&start=0 by GET.
2019-04-28 14:52:19 [ pool-1-thread-1:62504 ] - [ INFO ] [] wait for next dl. 2085ms
2019-04-28 14:52:26 [ pool-1-thread-1:69116 ] - [ INFO ] [] 评论数目： 0, MSG: [BookCommentPage.parserSingleCommentPage] 
2019-04-28 14:52:26 [ pool-1-thread-1:69118 ] - [ ERROR ] [] /html/body/div[@id="wrapper"]/div[@id="content"]/div[@class="grid-16-8 clearfix"]/div[@class="article"]/div[contains(@class,"review-list")]/div[@typeof="v:Review"], MSG: [BookCommentPage.parserSingleCommentPage] itemsPath maybe wrong!
2019-04-28 14:52:26 [ pool-1-thread-1:69118 ] - [ ERROR ] [] url: https://book.douban.com/subject/20170512/reviews?sort=time&start=0. MSG: [BookCommentPage.parserCommentByHtml] parse no comments.
2019-04-28 14:52:26 [ pool-1-thread-1:69118 ] - [ INFO ] [] 豆瓣|20170512|399716625|commentsize :0
2019-04-28 14:52:26 [ pool-1-thread-1:69119 ] - [ INFO ] [] download and praser commentpage. document. sites: 豆瓣
2019-04-28 14:52:26 [ pool-1-thread-1:69119 ] - [ INFO ] [] MSG: [PageDownloader.downloadWithStr] begin download web page for the url https://book.douban.com/subject/20170512/reviews?sort=time&start=0 by GET.
2019-04-28 14:52:26 [ pool-1-thread-1:69119 ] - [ INFO ] [] wait for next dl. 6204ms
2019-04-28 14:52:33 [ pool-1-thread-1:76717 ] - [ INFO ] [] 评论数目： 0, MSG: [BookCommentPage.parserSingleCommentPage] 
2019-04-28 14:52:33 [ pool-1-thread-1:76719 ] - [ ERROR ] [] /html/body/div[@id="wrapper"]/div[@id="content"]/div[@class="grid-16-8 clearfix"]/div[@class="article"]/div[contains(@class,"review-list")]/div[@typeof="v:Review"], MSG: [BookCommentPage.parserSingleCommentPage] itemsPath maybe wrong!
2019-04-28 14:52:33 [ pool-1-thread-1:76719 ] - [ ERROR ] [] url: https://book.douban.com/subject/20170512/reviews?sort=time&start=0. MSG: [BookCommentPage.parserCommentByHtml] parse no comments.
2019-04-28 14:52:33 [ pool-1-thread-1:76719 ] - [ INFO ] [] 豆瓣|20170512|399716625|commentsize :0
2019-04-28 14:52:33 [ pool-1-thread-1:76720 ] - [ INFO ] [] download and praser commentpage. document. sites: 豆瓣
2019-04-28 14:52:33 [ pool-1-thread-1:76720 ] - [ INFO ] [] MSG: [PageDownloader.downloadWithStr] begin download web page for the url https://book.douban.com/subject/20170512/reviews?sort=time&start=0 by GET.
2019-04-28 14:52:33 [ pool-1-thread-1:76720 ] - [ INFO ] [] wait for next dl. 2930ms
2019-04-28 14:52:40 [ pool-1-thread-1:82989 ] - [ INFO ] [] 评论数目： 0, MSG: [BookCommentPage.parserSingleCommentPage] 
2019-04-28 14:52:40 [ pool-1-thread-1:82990 ] - [ ERROR ] [] /html/body/div[@id="wrapper"]/div[@id="content"]/div[@class="grid-16-8 clearfix"]/div[@class="article"]/div[contains(@class,"review-list")]/div[@typeof="v:Review"], MSG: [BookCommentPage.parserSingleCommentPage] itemsPath maybe wrong!
2019-04-28 14:52:40 [ pool-1-thread-1:82990 ] - [ ERROR ] [] url: https://book.douban.com/subject/20170512/reviews?sort=time&start=0. MSG: [BookCommentPage.parserCommentByHtml] parse no comments.
2019-04-28 14:52:40 [ pool-1-thread-1:82991 ] - [ INFO ] [] 豆瓣|20170512|399716625|commentsize :0
2019-04-28 14:52:40 [ pool-1-thread-1:82992 ] - [ INFO ] [] download and praser commentpage. document. sites: 豆瓣
2019-04-28 14:52:40 [ pool-1-thread-1:82992 ] - [ INFO ] [] MSG: [PageDownloader.downloadWithStr] begin download web page for the url https://book.douban.com/subject/20170512/reviews?sort=time&start=0 by GET.
2019-04-28 14:52:40 [ pool-1-thread-1:82992 ] - [ INFO ] [] wait for next dl. 4827ms
2019-04-28 14:52:56 [ pool-1-thread-1:99409 ] - [ INFO ] [] 评论数目： 0, MSG: [BookCommentPage.parserSingleCommentPage] 
2019-04-28 14:52:56 [ pool-1-thread-1:99411 ] - [ ERROR ] [] /html/body/div[@id="wrapper"]/div[@id="content"]/div[@class="grid-16-8 clearfix"]/div[@class="article"]/div[contains(@class,"review-list")]/div[@typeof="v:Review"], MSG: [BookCommentPage.parserSingleCommentPage] itemsPath maybe wrong!
2019-04-28 14:52:56 [ pool-1-thread-1:99411 ] - [ ERROR ] [] url: https://book.douban.com/subject/20170512/reviews?sort=time&start=0. MSG: [BookCommentPage.parserCommentByHtml] parse no comments.
2019-04-28 14:52:56 [ pool-1-thread-1:99411 ] - [ INFO ] [] 豆瓣|20170512|399716625|commentsize :0
2019-04-28 14:52:56 [ pool-1-thread-1:99412 ] - [ INFO ] [] download and praser commentpage. document. sites: 豆瓣
2019-04-28 14:52:56 [ pool-1-thread-1:99412 ] - [ INFO ] [] MSG: [PageDownloader.downloadWithStr] begin download web page for the url https://book.douban.com/subject/20170512/reviews?sort=time&start=0 by GET.
2019-04-28 14:52:56 [ pool-1-thread-1:99412 ] - [ INFO ] [] wait for next dl. 4219ms
2019-04-28 14:53:07 [ pool-1-thread-1:110220 ] - [ INFO ] [] 评论数目： 0, MSG: [BookCommentPage.parserSingleCommentPage] 
2019-04-28 14:53:07 [ pool-1-thread-1:110221 ] - [ ERROR ] [] /html/body/div[@id="wrapper"]/div[@id="content"]/div[@class="grid-16-8 clearfix"]/div[@class="article"]/div[contains(@class,"review-list")]/div[@typeof="v:Review"], MSG: [BookCommentPage.parserSingleCommentPage] itemsPath maybe wrong!
2019-04-28 14:53:07 [ pool-1-thread-1:110221 ] - [ ERROR ] [] url: https://book.douban.com/subject/20170512/reviews?sort=time&start=0. MSG: [BookCommentPage.parserCommentByHtml] parse no comments.
2019-04-28 14:53:07 [ pool-1-thread-1:110222 ] - [ INFO ] [] 豆瓣|20170512|399716625|commentsize :0
2019-04-28 14:53:07 [ pool-1-thread-1:110223 ] - [ INFO ] [] download and praser commentpage. document. sites: 豆瓣
2019-04-28 14:53:07 [ pool-1-thread-1:110223 ] - [ INFO ] [] MSG: [PageDownloader.downloadWithStr] begin download web page for the url https://book.douban.com/subject/20170512/reviews?sort=time&start=0 by GET.
2019-04-28 14:53:07 [ pool-1-thread-1:110223 ] - [ INFO ] [] wait for next dl. 4916ms
2019-04-28 14:53:18 [ pool-1-thread-1:121363 ] - [ INFO ] [] 评论数目： 0, MSG: [BookCommentPage.parserSingleCommentPage] 
2019-04-28 14:53:18 [ pool-1-thread-1:121364 ] - [ ERROR ] [] /html/body/div[@id="wrapper"]/div[@id="content"]/div[@class="grid-16-8 clearfix"]/div[@class="article"]/div[contains(@class,"review-list")]/div[@typeof="v:Review"], MSG: [BookCommentPage.parserSingleCommentPage] itemsPath maybe wrong!
2019-04-28 14:53:18 [ pool-1-thread-1:121364 ] - [ ERROR ] [] url: https://book.douban.com/subject/20170512/reviews?sort=time&start=0. MSG: [BookCommentPage.parserCommentByHtml] parse no comments.
2019-04-28 14:53:18 [ pool-1-thread-1:121364 ] - [ INFO ] [] 豆瓣|20170512|399716625|commentsize :0
2019-04-28 14:53:18 [ pool-1-thread-1:121365 ] - [ INFO ] [] download and praser commentpage. document. sites: 豆瓣
2019-04-28 14:53:18 [ pool-1-thread-1:121365 ] - [ INFO ] [] MSG: [PageDownloader.downloadWithStr] begin download web page for the url https://book.douban.com/subject/20170512/reviews?sort=time&start=0 by GET.
2019-04-28 14:53:18 [ pool-1-thread-1:121365 ] - [ INFO ] [] wait for next dl. 6119ms
2019-04-28 14:53:30 [ pool-1-thread-1:132887 ] - [ INFO ] [] 评论数目： 0, MSG: [BookCommentPage.parserSingleCommentPage] 
2019-04-28 14:53:30 [ pool-1-thread-1:132888 ] - [ ERROR ] [] /html/body/div[@id="wrapper"]/div[@id="content"]/div[@class="grid-16-8 clearfix"]/div[@class="article"]/div[contains(@class,"review-list")]/div[@typeof="v:Review"], MSG: [BookCommentPage.parserSingleCommentPage] itemsPath maybe wrong!
2019-04-28 14:53:30 [ pool-1-thread-1:132888 ] - [ ERROR ] [] url: https://book.douban.com/subject/20170512/reviews?sort=time&start=0. MSG: [BookCommentPage.parserCommentByHtml] parse no comments.
2019-04-28 14:53:30 [ pool-1-thread-1:132888 ] - [ INFO ] [] 豆瓣|20170512|399716625|commentsize :0
2019-04-28 14:53:30 [ pool-1-thread-1:132889 ] - [ INFO ] [] download and praser commentpage. document. sites: 豆瓣
2019-04-28 14:53:30 [ pool-1-thread-1:132890 ] - [ INFO ] [] MSG: [PageDownloader.downloadWithStr] begin download web page for the url https://book.douban.com/subject/20170512/reviews?sort=time&start=0 by GET.
2019-04-28 14:53:32 [ pool-1-thread-1:135071 ] - [ INFO ] [] 评论数目： 0, MSG: [BookCommentPage.parserSingleCommentPage] 
2019-04-28 14:53:32 [ pool-1-thread-1:135071 ] - [ ERROR ] [] /html/body/div[@id="wrapper"]/div[@id="content"]/div[@class="grid-16-8 clearfix"]/div[@class="article"]/div[contains(@class,"review-list")]/div[@typeof="v:Review"], MSG: [BookCommentPage.parserSingleCommentPage] itemsPath maybe wrong!
2019-04-28 14:53:32 [ pool-1-thread-1:135072 ] - [ ERROR ] [] url: https://book.douban.com/subject/20170512/reviews?sort=time&start=0. MSG: [BookCommentPage.parserCommentByHtml] parse no comments.
2019-04-28 14:53:32 [ pool-1-thread-1:135072 ] - [ INFO ] [] 豆瓣|20170512|399716625|commentsize :0
2019-04-28 14:53:32 [ pool-1-thread-1:135073 ] - [ INFO ] [] download and praser commentpage. document. sites: 豆瓣
2019-04-28 14:53:32 [ pool-1-thread-1:135073 ] - [ INFO ] [] MSG: [PageDownloader.downloadWithStr] begin download web page for the url https://book.douban.com/subject/20170512/reviews?sort=time&start=0 by GET.
2019-04-28 14:53:32 [ pool-1-thread-1:135073 ] - [ INFO ] [] wait for next dl. 3571ms
2019-04-28 14:53:38 [ pool-1-thread-1:141425 ] - [ INFO ] [] 评论数目： 0, MSG: [BookCommentPage.parserSingleCommentPage] 
2019-04-28 14:53:38 [ pool-1-thread-1:141426 ] - [ ERROR ] [] /html/body/div[@id="wrapper"]/div[@id="content"]/div[@class="grid-16-8 clearfix"]/div[@class="article"]/div[contains(@class,"review-list")]/div[@typeof="v:Review"], MSG: [BookCommentPage.parserSingleCommentPage] itemsPath maybe wrong!
2019-04-28 14:53:38 [ pool-1-thread-1:141426 ] - [ ERROR ] [] url: https://book.douban.com/subject/20170512/reviews?sort=time&start=0. MSG: [BookCommentPage.parserCommentByHtml] parse no comments.
2019-04-28 14:53:38 [ pool-1-thread-1:141426 ] - [ INFO ] [] 豆瓣|20170512|399716625|commentsize :0
2019-04-28 14:53:38 [ pool-1-thread-1:141427 ] - [ INFO ] [] site: 豆瓣 search,time consuming: 0.03338111111111111 小时
2019-04-28 14:53:38 [ pool-1-thread-1:141433 ] - [ INFO ] [] site: 豆瓣 search end. 14 bookpage found. begin 
2019-04-28 14:53:38 [ pool-1-thread-1:141433 ] - [ INFO ] [] Comment end. 豆瓣
2019-04-28 14:53:38 [ main:141433 ] - [ INFO ] [] Thread stat statistics[Total:1, Success: 1, Failure: 0]
2019-04-28 14:53:38 [ main:141433 ] - [ INFO ] [] thread [1] 豆瓣 end.
						  
